<Event xmlns="http://schemas.microsoft.com/win/2004/08/events/event"><System><Provider Name="Microsoft-Windows-BitLocker-API" Guid="{5d674230-ca9f-11da-a94d-0800200c9a66}"></Provider>
<EventID Qualifiers="">796</EventID>
<Version>0</Version>
<Level>4</Level>
<Task>0</Task>
<Opcode>0</Opcode>
<Keywords>0x4000000000000000</Keywords>
<TimeCreated SystemTime="2024-01-15 12:43:19.831230+00:00"></TimeCreated>
<EventRecordID>7</EventRecordID>
<Correlation ActivityID="" RelatedActivityID=""></Correlation>
<Execution ProcessID="6836" ThreadID="3068"></Execution>
<Channel>Microsoft-Windows-BitLocker/BitLocker Management</Channel>
<Computer>DESKTOP-5B8Q7LT</Computer>
<Security UserID="S-1-5-21-1548112901-4150280657-3748420248-1000"></Security>
</System>
<EventData><Data Name="IdentificationGUID">{00000000-0000-0000-0000-000000000000}</Data>
<Data Name="VolumeName">\\?\Volume{73f1b95a-e000-4d48-8466-6c23c4b0f2f8}</Data>
<Data Name="VolumeMountPoint">Y:</Data>
</EventData>
</Event>

---
<Event xmlns="http://schemas.microsoft.com/win/2004/08/events/event"><System><Provider Name="Microsoft-Windows-BitLocker-API" Guid="{5d674230-ca9f-11da-a94d-0800200c9a66}"></Provider>
<EventID Qualifiers="">775</EventID>
<Version>0</Version>
<Level>4</Level>
<Task>0</Task>
<Opcode>0</Opcode>
<Keywords>0x4000000000000000</Keywords>
<TimeCreated SystemTime="2024-01-15 12:43:31.891523+00:00"></TimeCreated>
<EventRecordID>8</EventRecordID>
<Correlation ActivityID="" RelatedActivityID=""></Correlation>
<Execution ProcessID="6836" ThreadID="7348"></Execution>
<Channel>Microsoft-Windows-BitLocker/BitLocker Management</Channel>
<Computer>DESKTOP-5B8Q7LT</Computer>
<Security UserID="S-1-5-21-1548112901-4150280657-3748420248-1000"></Security>
</System>
<EventData><Data Name="IdentificationGUID">{58fc3cc0-b45d-43bb-8226-ad0c8f5653b3}</Data>
<Data Name="VolumeName">\\?\Volume{73f1b95a-e000-4d48-8466-6c23c4b0f2f8}</Data>
<Data Name="VolumeMountPoint">Y:</Data>
<Data Name="ProtectorGUID">{a72eb768-e5f3-4df8-ad44-7445e81017aa}</Data>
<Data Name="ProtectorType">0x00000008</Data>
</EventData>
</Event>

---
<Event xmlns="http://schemas.microsoft.com/win/2004/08/events/event"><System><Provider Name="Microsoft-Windows-BitLocker-API" Guid="{5d674230-ca9f-11da-a94d-0800200c9a66}"></Provider>
<EventID Qualifiers="">775</EventID>
<Version>0</Version>
<Level>4</Level>
<Task>0</Task>
<Opcode>0</Opcode>
<Keywords>0x4000000000000000</Keywords>
<TimeCreated SystemTime="2024-01-15 12:43:34.817808+00:00"></TimeCreated>
<EventRecordID>9</EventRecordID>
<Correlation ActivityID="" RelatedActivityID=""></Correlation>
<Execution ProcessID="6836" ThreadID="7348"></Execution>
<Channel>Microsoft-Windows-BitLocker/BitLocker Management</Channel>
<Computer>DESKTOP-5B8Q7LT</Computer>
<Security UserID="S-1-5-21-1548112901-4150280657-3748420248-1000"></Security>
</System>
<EventData><Data Name="IdentificationGUID">{58fc3cc0-b45d-43bb-8226-ad0c8f5653b3}</Data>
<Data Name="VolumeName">\\?\Volume{73f1b95a-e000-4d48-8466-6c23c4b0f2f8}</Data>
<Data Name="VolumeMountPoint">Y:</Data>
<Data Name="ProtectorGUID">{929983ca-5012-49e9-a194-4550c08c6127}</Data>
<Data Name="ProtectorType">0x00000003</Data>
</EventData>
</Event>

---
<Event xmlns="http://schemas.microsoft.com/win/2004/08/events/event"><System><Provider Name="Microsoft-Windows-BitLocker-API" Guid="{5d674230-ca9f-11da-a94d-0800200c9a66}"></Provider>
<EventID Qualifiers="">780</EventID>
<Version>0</Version>
<Level>4</Level>
<Task>0</Task>
<Opcode>0</Opcode>
<Keywords>0x4000000000000000</Keywords>
<TimeCreated SystemTime="2024-01-15 12:44:22.016087+00:00"></TimeCreated>
<EventRecordID>10</EventRecordID>
<Correlation ActivityID="" RelatedActivityID=""></Correlation>
<Execution ProcessID="6836" ThreadID="7348"></Execution>
<Channel>Microsoft-Windows-BitLocker/BitLocker Management</Channel>
<Computer>DESKTOP-5B8Q7LT</Computer>
<Security UserID="S-1-5-21-1548112901-4150280657-3748420248-1000"></Security>
</System>
<EventData><Data Name="IdentificationGUID">{58fc3cc0-b45d-43bb-8226-ad0c8f5653b3}</Data>
<Data Name="VolumeName">\\?\Volume{73f1b95a-e000-4d48-8466-6c23c4b0f2f8}</Data>
<Data Name="VolumeMountPoint">Y:</Data>
</EventData>
</Event>

---
<Event xmlns="http://schemas.microsoft.com/win/2004/08/events/event"><System><Provider Name="Microsoft-Windows-BitLocker-API" Guid="{5d674230-ca9f-11da-a94d-0800200c9a66}"></Provider>
<EventID Qualifiers="">768</EventID>
<Version>0</Version>
<Level>4</Level>
<Task>0</Task>
<Opcode>0</Opcode>
<Keywords>0x4000000000000000</Keywords>
<TimeCreated SystemTime="2024-01-15 12:44:22.021908+00:00"></TimeCreated>
<EventRecordID>11</EventRecordID>
<Correlation ActivityID="" RelatedActivityID=""></Correlation>
<Execution ProcessID="6836" ThreadID="7348"></Execution>
<Channel>Microsoft-Windows-BitLocker/BitLocker Management</Channel>
<Computer>DESKTOP-5B8Q7LT</Computer>
<Security UserID="S-1-5-21-1548112901-4150280657-3748420248-1000"></Security>
</System>
<EventData><Data Name="IdentificationGUID">{58fc3cc0-b45d-43bb-8226-ad0c8f5653b3}</Data>
<Data Name="VolumeName">\\?\Volume{73f1b95a-e000-4d48-8466-6c23c4b0f2f8}</Data>
<Data Name="VolumeMountPoint">Y:</Data>
<Data Name="AlgorithmType">32772</Data>
</EventData>
</Event>

---
<Event xmlns="http://schemas.microsoft.com/win/2004/08/events/event"><System><Provider Name="Microsoft-Windows-BitLocker-API" Guid="{5d674230-ca9f-11da-a94d-0800200c9a66}"></Provider>
<EventID Qualifiers="">782</EventID>
<Version>0</Version>
<Level>4</Level>
<Task>0</Task>
<Opcode>0</Opcode>
<Keywords>0x4000000000000000</Keywords>
<TimeCreated SystemTime="2024-02-02 22:55:16.090033+00:00"></TimeCreated>
<EventRecordID>13</EventRecordID>
<Correlation ActivityID="" RelatedActivityID=""></Correlation>
<Execution ProcessID="3280" ThreadID="1028"></Execution>
<Channel>Microsoft-Windows-BitLocker/BitLocker Management</Channel>
<Computer>DESKTOP-5B8Q7LT</Computer>
<Security UserID="S-1-5-21-1548112901-4150280657-3748420248-1000"></Security>
</System>
<EventData><Data Name="IdentificationGUID">{58fc3cc0-b45d-43bb-8226-ad0c8f5653b3}</Data>
<Data Name="VolumeName">\\?\Volume{73f1b95a-e000-4d48-8466-6c23c4b0f2f8}</Data>
<Data Name="VolumeMountPoint">Y:</Data>
<Data Name="ProtectorGUID">{a72eb768-e5f3-4df8-ad44-7445e81017aa}</Data>
<Data Name="ProtectorType">0x00000008</Data>
</EventData>
</Event>

---
<Event xmlns="http://schemas.microsoft.com/win/2004/08/events/event"><System><Provider Name="Microsoft-Windows-BitLocker-API" Guid="{5d674230-ca9f-11da-a94d-0800200c9a66}"></Provider>
<EventID Qualifiers="">782</EventID>
<Version>0</Version>
<Level>4</Level>
<Task>0</Task>
<Opcode>0</Opcode>
<Keywords>0x4000000000000000</Keywords>
<TimeCreated SystemTime="2024-12-24 22:57:50.227604+00:00"></TimeCreated>
<EventRecordID>16</EventRecordID>
<Correlation ActivityID="" RelatedActivityID=""></Correlation>
<Execution ProcessID="4480" ThreadID="4444"></Execution>
<Channel>Microsoft-Windows-BitLocker/BitLocker Management</Channel>
<Computer>DESKTOP-5B8Q7LT</Computer>
<Security UserID="S-1-5-21-1548112901-4150280657-3748420248-1000"></Security>
</System>
<EventData><Data Name="IdentificationGUID">{58fc3cc0-b45d-43bb-8226-ad0c8f5653b3}</Data>
<Data Name="VolumeName">\\?\Volume{73f1b95a-e000-4d48-8466-6c23c4b0f2f8}</Data>
<Data Name="VolumeMountPoint">Y:</Data>
<Data Name="ProtectorGUID">{a72eb768-e5f3-4df8-ad44-7445e81017aa}</Data>
<Data Name="ProtectorType">0x00000008</Data>
</EventData>
</Event>

---
